TN:
SF:src\modules\item\services\CreateCategoryService.ts
FN:9,(anonymous_18)
FN:10,CreateCategoryService
FN:15,(anonymous_20)
FNF:3
FNH:3
FNDA:1,(anonymous_18)
FNDA:2,CreateCategoryService
FNDA:3,(anonymous_20)
DA:1,1
DA:3,1
DA:9,1
DA:12,2
DA:15,1
DA:16,3
DA:20,3
DA:21,1
DA:24,2
DA:26,2
DA:28,1
DA:30,1
LF:12
LH:12
BRDA:16,0,0,3
BRDA:20,1,0,1
BRDA:20,1,1,2
BRF:3
BRH:3
end_of_record
TN:
SF:src\modules\item\services\CreateItemService.ts
FN:18,(anonymous_18)
FN:19,CreateItemService
FN:27,(anonymous_20)
FNF:3
FNH:3
FNDA:1,(anonymous_18)
FNDA:2,CreateItemService
FNDA:2,(anonymous_20)
DA:1,1
DA:3,1
DA:18,1
DA:21,2
DA:24,2
DA:27,1
DA:28,2
DA:29,2
DA:30,2
DA:31,2
DA:32,2
DA:33,2
DA:35,2
DA:39,2
DA:40,1
DA:43,1
DA:52,1
DA:54,1
DA:56,1
LF:19
LH:19
BRDA:35,0,0,2
BRDA:39,1,0,1
BRDA:39,1,1,1
BRF:3
BRH:3
end_of_record
TN:
SF:src\modules\item\services\ListAllItemsService.ts
FN:7,(anonymous_17)
FN:8,ListAllItemsService
FN:13,(anonymous_19)
FNF:3
FNH:3
FNDA:1,(anonymous_17)
FNDA:1,ListAllItemsService
FNDA:1,(anonymous_19)
DA:1,1
DA:7,1
DA:10,1
DA:13,1
DA:14,1
DA:16,1
DA:18,1
DA:20,1
LF:8
LH:8
BRDA:14,0,0,1
BRF:1
BRH:1
end_of_record
TN:
SF:src\modules\item\services\ListCategoriesService.ts
FN:7,(anonymous_17)
FN:8,ListCategoriesService
FN:13,(anonymous_19)
FNF:3
FNH:0
FNDA:0,(anonymous_17)
FNDA:0,ListCategoriesService
FNDA:0,(anonymous_19)
DA:1,0
DA:7,0
DA:10,0
DA:13,0
DA:14,0
DA:16,0
DA:18,0
DA:20,0
LF:8
LH:0
BRDA:14,0,0,0
BRF:1
BRH:0
end_of_record
TN:
SF:src\modules\item\services\ListUserItemsService.ts
FN:11,(anonymous_17)
FN:12,ListItemsService
FN:17,(anonymous_19)
FNF:3
FNH:3
FNDA:1,(anonymous_17)
FNDA:1,ListItemsService
FNDA:1,(anonymous_19)
DA:1,1
DA:11,1
DA:14,1
DA:17,1
DA:18,1
DA:22,1
DA:24,1
DA:26,1
LF:8
LH:8
BRDA:18,0,0,1
BRF:1
BRH:1
end_of_record
TN:
SF:src\modules\user\services\AuthenticateUserService.ts
FN:22,(anonymous_18)
FN:23,AuthenticateUserService
FN:31,(anonymous_20)
FNF:3
FNH:3
FNDA:1,(anonymous_18)
FNDA:3,AuthenticateUserService
FNDA:3,(anonymous_20)
DA:1,1
DA:2,1
DA:3,1
DA:4,1
DA:22,1
DA:25,3
DA:28,3
DA:31,3
DA:32,3
DA:34,3
DA:35,1
DA:38,2
DA:43,2
DA:44,1
DA:47,1
DA:49,1
DA:54,1
DA:56,1
DA:58,1
LF:19
LH:19
BRDA:32,0,0,3
BRDA:34,1,0,1
BRDA:34,1,1,2
BRDA:43,2,0,1
BRDA:43,2,1,1
BRF:5
BRH:5
end_of_record
TN:
SF:src\modules\user\services\CreateUserService.ts
FN:24,(anonymous_18)
FN:25,CreateUserService
FN:33,(anonymous_20)
FNF:3
FNH:3
FNDA:2,(anonymous_18)
FNDA:5,CreateUserService
FNDA:7,(anonymous_20)
DA:1,2
DA:3,2
DA:24,2
DA:27,5
DA:30,5
DA:33,2
DA:34,7
DA:35,7
DA:36,7
DA:37,7
DA:38,7
DA:39,7
DA:40,7
DA:41,7
DA:42,7
DA:43,7
DA:44,7
DA:46,7
DA:48,7
DA:49,1
DA:52,6
DA:54,6
DA:55,1
DA:58,5
DA:60,5
DA:74,5
DA:76,2
DA:78,2
LF:28
LH:28
BRDA:46,0,0,7
BRDA:48,1,0,1
BRDA:48,1,1,6
BRDA:54,2,0,1
BRDA:54,2,1,5
BRF:5
BRH:5
end_of_record
TN:
SF:src\modules\user\services\ListUsersService.ts
FN:11,(anonymous_17)
FN:12,ListUsersService
FN:17,(anonymous_19)
FNF:3
FNH:3
FNDA:1,(anonymous_17)
FNDA:2,ListUsersService
FNDA:2,(anonymous_19)
DA:1,1
DA:11,1
DA:14,2
DA:17,2
DA:18,2
DA:22,2
DA:24,1
DA:26,1
LF:8
LH:8
BRDA:18,0,0,2
BRF:1
BRH:1
end_of_record
TN:
SF:src\modules\user\services\ResetPasswordService.ts
FN:15,(anonymous_18)
FN:16,SendForgotPasswordEmailService
FN:27,(anonymous_20)
FNF:3
FNH:3
FNDA:1,(anonymous_18)
FNDA:4,SendForgotPasswordEmailService
FNDA:4,(anonymous_20)
DA:1,1
DA:2,1
DA:4,1
DA:15,1
DA:18,4
DA:21,4
DA:24,4
DA:27,4
DA:28,4
DA:30,4
DA:31,1
DA:33,3
DA:35,3
DA:36,1
DA:39,2
DA:40,2
DA:42,2
DA:43,1
DA:46,1
DA:48,2
DA:50,1
DA:52,1
LF:22
LH:22
BRDA:28,0,0,4
BRDA:30,1,0,1
BRDA:30,1,1,3
BRDA:35,2,0,1
BRDA:35,2,1,2
BRDA:42,3,0,1
BRDA:42,3,1,1
BRF:7
BRH:7
end_of_record
TN:
SF:src\modules\user\services\SendForgotPasswordEmailService.ts
FN:14,(anonymous_18)
FN:15,SendForgotPasswordEmailService
FN:26,(anonymous_20)
FNF:3
FNH:3
FNDA:1,(anonymous_18)
FNDA:3,SendForgotPasswordEmailService
FNDA:3,(anonymous_20)
DA:1,1
DA:2,1
DA:3,1
DA:14,1
DA:17,3
DA:20,3
DA:23,3
DA:26,3
DA:27,3
DA:29,3
DA:30,1
DA:33,2
DA:35,2
DA:42,4
DA:57,1
DA:59,1
LF:16
LH:16
BRDA:27,0,0,3
BRDA:29,1,0,1
BRDA:29,1,1,2
BRF:3
BRH:3
end_of_record
TN:
SF:src\modules\user\services\ShowProfileService.ts
FN:13,(anonymous_18)
FN:14,ShowProfileService
FN:19,(anonymous_20)
FNF:3
FNH:3
FNDA:1,(anonymous_18)
FNDA:2,ShowProfileService
FNDA:2,(anonymous_20)
DA:1,1
DA:3,1
DA:13,1
DA:16,2
DA:19,2
DA:20,2
DA:22,2
DA:23,1
DA:26,1
DA:28,1
DA:30,1
LF:11
LH:11
BRDA:20,0,0,2
BRDA:22,1,0,1
BRDA:22,1,1,1
BRF:3
BRH:3
end_of_record
TN:
SF:src\modules\user\services\UpdateProfileService.ts
FN:25,(anonymous_18)
FN:26,UpdateProfileService
FN:34,(anonymous_20)
FNF:3
FNH:3
FNDA:1,(anonymous_18)
FNDA:6,UpdateProfileService
FNDA:6,(anonymous_20)
DA:1,1
DA:3,1
DA:25,1
DA:28,6
DA:31,6
DA:34,1
DA:35,6
DA:36,6
DA:37,6
DA:38,6
DA:39,6
DA:40,6
DA:41,6
DA:42,6
DA:43,6
DA:44,6
DA:45,6
DA:46,6
DA:48,6
DA:50,6
DA:51,1
DA:54,5
DA:56,5
DA:57,1
DA:60,4
DA:72,4
DA:73,1
DA:76,4
DA:77,2
DA:82,2
DA:83,1
DA:86,1
DA:89,2
DA:91,1
DA:93,1
LF:35
LH:35
BRDA:48,0,0,6
BRDA:48,0,1,2
BRDA:50,1,0,1
BRDA:50,1,1,5
BRDA:56,2,0,1
BRDA:56,2,1,4
BRDA:56,3,0,5
BRDA:56,3,1,5
BRDA:72,4,0,1
BRDA:72,4,1,3
BRDA:72,5,0,4
BRDA:72,5,1,3
BRDA:76,6,0,1
BRDA:76,6,1,2
BRDA:76,7,0,3
BRDA:76,7,1,2
BRDA:82,8,0,1
BRDA:82,8,1,1
BRF:18
BRH:18
end_of_record
TN:
SF:src\modules\user\services\UpdateUserAvatarService.ts
FN:15,(anonymous_18)
FN:16,UpdateUserAvatarService
FN:24,(anonymous_20)
FNF:3
FNH:3
FNDA:1,(anonymous_18)
FNDA:3,UpdateUserAvatarService
FNDA:4,(anonymous_20)
DA:1,1
DA:3,1
DA:15,1
DA:18,3
DA:21,3
DA:24,4
DA:25,4
DA:27,4
DA:28,1
DA:31,5
DA:32,2
DA:35,3
DA:37,3
DA:39,6
DA:41,3
DA:43,1
DA:45,1
LF:17
LH:17
BRDA:25,0,0,4
BRDA:25,0,1,3
BRDA:27,1,0,1
BRDA:27,1,1,3
BRDA:31,2,0,2
BRDA:31,2,1,1
BRF:6
BRH:6
end_of_record
