TN:
SF:src\modules\item\services\CreateCategoryService.ts
FN:9,(anonymous_18)
FN:10,CreateCategoryService
FN:15,(anonymous_20)
FNF:3
FNH:3
FNDA:1,(anonymous_18)
FNDA:2,CreateCategoryService
FNDA:3,(anonymous_20)
DA:1,1
DA:3,1
DA:9,1
DA:12,2
DA:15,1
DA:16,3
DA:20,3
DA:21,1
DA:24,2
DA:26,2
DA:28,1
DA:30,1
LF:12
LH:12
BRDA:16,0,0,3
BRDA:20,1,0,1
BRDA:20,1,1,2
BRF:3
BRH:3
end_of_record
TN:
SF:src\modules\item\services\CreateItemService.ts
FN:15,(anonymous_17)
FN:16,CreateItemService
FN:21,(anonymous_19)
FNF:3
FNH:3
FNDA:1,(anonymous_17)
FNDA:1,CreateItemService
FNDA:1,(anonymous_19)
DA:1,1
DA:15,1
DA:18,1
DA:21,1
DA:22,1
DA:23,1
DA:24,1
DA:25,1
DA:26,1
DA:28,1
DA:36,1
DA:38,1
DA:40,1
LF:13
LH:13
BRDA:28,0,0,1
BRF:1
BRH:1
end_of_record
TN:
SF:src\modules\user\services\AuthenticateUserService.ts
FN:22,(anonymous_18)
FN:23,AuthenticateUserService
FN:31,(anonymous_20)
FNF:3
FNH:3
FNDA:1,(anonymous_18)
FNDA:3,AuthenticateUserService
FNDA:3,(anonymous_20)
DA:1,1
DA:2,1
DA:3,1
DA:4,1
DA:22,1
DA:25,3
DA:28,3
DA:31,3
DA:32,3
DA:34,3
DA:35,1
DA:38,2
DA:43,2
DA:44,1
DA:47,1
DA:49,1
DA:54,1
DA:56,1
DA:58,1
LF:19
LH:19
BRDA:32,0,0,3
BRDA:34,1,0,1
BRDA:34,1,1,2
BRDA:43,2,0,1
BRDA:43,2,1,1
BRF:5
BRH:5
end_of_record
TN:
SF:src\modules\user\services\CreateUserService.ts
FN:24,(anonymous_18)
FN:25,CreateUserService
FN:33,(anonymous_20)
FNF:3
FNH:3
FNDA:2,(anonymous_18)
FNDA:5,CreateUserService
FNDA:7,(anonymous_20)
DA:1,2
DA:3,2
DA:24,2
DA:27,5
DA:30,5
DA:33,2
DA:34,7
DA:35,7
DA:36,7
DA:37,7
DA:38,7
DA:39,7
DA:40,7
DA:41,7
DA:42,7
DA:43,7
DA:44,7
DA:46,7
DA:48,7
DA:49,1
DA:52,6
DA:54,6
DA:55,1
DA:58,5
DA:60,5
DA:74,5
DA:76,2
DA:78,2
LF:28
LH:28
BRDA:46,0,0,7
BRDA:48,1,0,1
BRDA:48,1,1,6
BRDA:54,2,0,1
BRDA:54,2,1,5
BRF:5
BRH:5
end_of_record
TN:
SF:src\modules\user\services\UpdateUserAvatarService.ts
FN:17,(anonymous_18)
FN:18,UpdateUserAvatarService
FN:23,(anonymous_20)
FNF:3
FNH:0
FNDA:0,(anonymous_18)
FNDA:0,UpdateUserAvatarService
FNDA:0,(anonymous_20)
DA:1,0
DA:2,0
DA:4,0
DA:5,0
DA:7,0
DA:17,0
DA:20,0
DA:23,0
DA:24,0
DA:26,0
DA:27,0
DA:30,0
DA:31,0
DA:32,0
DA:34,0
DA:35,0
DA:39,0
DA:41,0
DA:43,0
DA:45,0
DA:47,0
LF:21
LH:0
BRDA:24,0,0,0
BRDA:26,1,0,0
BRDA:26,1,1,0
BRDA:30,2,0,0
BRDA:30,2,1,0
BRDA:34,3,0,0
BRDA:34,3,1,0
BRF:7
BRH:0
end_of_record
